>>> say_my_name = __import__('3-say_my_name').say_my_name
>>> say_my_name("Holy", Molly)
Traceback (most recent call last):
  File "<stdin>", line 1, in <module>
NameError: name 'Molly' is not defined
>>> say_my_name(2, "Vike")
Traceback (most recent call last):
  File "<stdin>", line 1, in <module>
  File "/root/alx-higher_level_programming/0x07-python-test_driven_development/3-say_my_name.py", line 9, in say_my_name
    raise TypeError("first_name must be a string")
TypeError: first_name must be a string
>>> say_my_name("West", 9.0)
Traceback (most recent call last):
  File "<stdin>", line 1, in <module>
  File "/root/alx-higher_level_programming/0x07-python-test_driven_development/3-say_my_name.py", line 11, in say_my_name
    raise TypeError("last_name must be a string")
TypeError: last_name must be a string
>>> say_my_name("West", "9.0")
My name is West 9.0
>>> say_my_name()
Traceback (most recent call last):
  File "<stdin>", line 1, in <module>
TypeError: say_my_name() missing 1 required positional argument: 'first_name'
>>> say_my_name("Wave")
My name is Wave 
